[11:52:57]:: inizio lettura CSV
[11:52:57]:: fine lettura CSV
[11:54:49]:: inizio lettura CSV
[11:54:49]:: fine lettura CSV
[11:56:16]:: inizio lettura CSV
[11:56:16]:: fine lettura CSV
[11:58:24]:: inizio lettura CSV
[11:58:24]:: fine lettura CSV
[11:58:24]:: inizio creazione prodotti
[11:59:10]:: inizio lettura CSV
[11:59:10]:: fine lettura CSV
[11:59:10]:: inizio creazione prodotti
[11:59:37]:: inizio lettura CSV
[11:59:37]:: fine lettura CSV
[11:59:37]:: inizio creazione prodotti
[12:13:44]:: inizio lettura CSV
[12:13:44]:: fine lettura CSV
[12:14:46]:: inizio lettura CSV
[12:14:46]:: fine lettura CSV
[12:14:46]:: inizio creazione prodotti
[12:15:37]:: inizio lettura CSV
[12:15:37]:: fine lettura CSV
[12:15:37]:: inizio creazione prodotti
[12:16:07]:: inizio lettura CSV
[12:16:07]:: fine lettura CSV
[12:16:07]:: inizio creazione prodotti
[12:16:14]:: inizio lettura CSV
[12:16:14]:: fine lettura CSV
[12:16:14]:: inizio creazione prodotti
[12:16:19]:: inizio lettura CSV
[12:16:19]:: fine lettura CSV
[12:16:19]:: inizio creazione prodotti
[12:17:24]:: fine creazione prodotti

***********************************************REPORTS************************************************

------------------------------------------------------------------------------------------------------
|TYPE                                              | Update quantities and prices                      |
|STATUS                                            | SUCCESS                                           |
|START                                             | 12:16:19                                          |
|END                                               | 12:17:24                                          |
|DURATION                                          | 1.08 minuti                                       |
|MANUFACTURERS CREATED                             | 0                                                 |
|CATEGORIES CREATED                                | 0                                                 |
|ATTRIBUTE VALUES CREATED                          | 0                                                 |
|FEATURE VALUES CREATED                            | 0                                                 |
|PRODUCTS CREATED                                  | 0                                                 |
|PRODUCTS DELETED                                  | 0                                                 |
|IMAGES CREATED                                    | 0                                                 |
------------------------------------------------------------------------------------------------------

***********************************************REPORTS************************************************

[13:19:05]:: inizio lettura CSV
[13:19:05]:: fine lettura CSV
[13:19:05]:: inizio creazione prodotti
[13:20:08]:: fine creazione prodotti

***********************************************REPORTS************************************************

------------------------------------------------------------------------------------------------------
|TYPE                                              | Update quantities and prices                      |
|STATUS                                            | SUCCESS                                           |
|START                                             | 13:19:05                                          |
|END                                               | 13:20:08                                          |
|DURATION                                          | 1.05 minuti                                       |
|MANUFACTURERS CREATED                             | 0                                                 |
|CATEGORIES CREATED                                | 0                                                 |
|ATTRIBUTE VALUES CREATED                          | 0                                                 |
|FEATURE VALUES CREATED                            | 0                                                 |
|PRODUCTS CREATED                                  | 0                                                 |
|PRODUCTS DELETED                                  | 0                                                 |
|IMAGES CREATED                                    | 0                                                 |
------------------------------------------------------------------------------------------------------

***********************************************REPORTS************************************************

[13:20:15]:: inizio lettura CSV
[13:20:15]:: fine lettura CSV
[13:20:15]:: inizio creazione prodotti
[13:21:00]:: inizio lettura CSV
[13:21:00]:: fine lettura CSV
[13:21:00]:: inizio creazione prodotti
[13:22:02]:: fine creazione prodotti

***********************************************REPORTS************************************************

------------------------------------------------------------------------------------------------------
|TYPE                                              | Update quantities and prices                      |
|STATUS                                            | SUCCESS                                           |
|START                                             | 13:21:00                                          |
|END                                               | 13:22:02                                          |
|DURATION                                          | 1.03 minuti                                       |
|MANUFACTURERS CREATED                             | 0                                                 |
|CATEGORIES CREATED                                | 0                                                 |
|ATTRIBUTE VALUES CREATED                          | 0                                                 |
|FEATURE VALUES CREATED                            | 0                                                 |
|PRODUCTS CREATED                                  | 0                                                 |
|PRODUCTS DELETED                                  | 0                                                 |
|IMAGES CREATED                                    | 0                                                 |
------------------------------------------------------------------------------------------------------

***********************************************REPORTS************************************************

