[18:52:39]:: inizio lettura CSV
[18:52:39]:: fine lettura CSV
[18:52:39]:: inizio creazione categorie
[18:52:39]:: fine creazione categorie
[18:52:39]:: inizio creazione produttori
[18:52:39]:: fine creazione produttori
[18:52:39]:: inizio creazione attributi
[18:52:39]:: fine creazione attributi

***********************************************REPORTS************************************************

------------------------------------------------------------------------------------------------------
|START                                             | 18:52:39                                          |
|END                                               | 18:52:39                                          |
|DURATION                                          | 0 minuti                                          |
|MANUFACTURERS CREATED                             | 1                                                 |
|CATEGORIES CREATED                                | 0                                                 |
|ATTRIBUTE VALUES CREATED                          | 0                                                 |
|FEATURE VALUES CREATED                            | 0                                                 |
|PRODUCTS CREATED                                  | 0                                                 |
------------------------------------------------------------------------------------------------------

***********************************************REPORTS************************************************

[18:56:52]:: inizio lettura CSV
[18:56:52]:: fine lettura CSV
[18:56:52]:: inizio creazione categorie
[18:56:53]:: fine creazione categorie
[18:56:53]:: inizio creazione produttori
[18:56:53]:: fine creazione produttori
[18:56:53]:: inizio creazione attributi
[18:56:53]:: fine creazione attributi

***********************************************REPORTS************************************************

------------------------------------------------------------------------------------------------------
|START                                             | 18:56:52                                          |
|END                                               | 18:56:53                                          |
|DURATION                                          | 0.02 minuti                                       |
|MANUFACTURERS CREATED                             | 1                                                 |
|CATEGORIES CREATED                                | 0                                                 |
|ATTRIBUTE VALUES CREATED                          | 0                                                 |
|FEATURE VALUES CREATED                            | 0                                                 |
|PRODUCTS CREATED                                  | 0                                                 |
------------------------------------------------------------------------------------------------------

***********************************************REPORTS************************************************

[18:59:48]:: inizio lettura CSV
[18:59:48]:: fine lettura CSV
[18:59:48]:: inizio creazione categorie
[18:59:48]:: fine creazione categorie
[18:59:48]:: inizio creazione produttori
[18:59:49]:: fine creazione produttori
[18:59:49]:: inizio creazione attributi
[18:59:49]:: fine creazione attributi

***********************************************REPORTS************************************************

------------------------------------------------------------------------------------------------------
|START                                             | 18:59:48                                          |
|END                                               | 18:59:49                                          |
|DURATION                                          | 0.02 minuti                                       |
|MANUFACTURERS CREATED                             | 1                                                 |
|CATEGORIES CREATED                                | 0                                                 |
|ATTRIBUTE VALUES CREATED                          | 0                                                 |
|FEATURE VALUES CREATED                            | 0                                                 |
|PRODUCTS CREATED                                  | 0                                                 |
------------------------------------------------------------------------------------------------------

***********************************************REPORTS************************************************

[19:05:29]:: inizio lettura CSV
[19:05:29]:: fine lettura CSV
[19:05:29]:: inizio creazione categorie
[19:05:29]:: fine creazione categorie
[19:05:29]:: inizio creazione produttori
[19:05:29]:: fine creazione produttori
[19:05:29]:: inizio creazione attributi
[19:05:29]:: fine creazione attributi
