[00:00:02]:: inizio lettura CSV
[00:00:02]:: fine lettura CSV
[00:00:02]:: inizio creazione immagini
[00:15:02]:: inizio lettura CSV
[00:15:02]:: fine lettura CSV
[00:15:02]:: inizio creazione immagini
[00:30:02]:: inizio lettura CSV
[00:30:02]:: fine lettura CSV
[00:30:02]:: inizio creazione immagini
[00:45:01]:: inizio lettura CSV
[00:45:02]:: fine lettura CSV
[00:45:02]:: inizio creazione immagini
[01:00:02]:: inizio lettura CSV
[01:00:02]:: fine lettura CSV
[01:00:02]:: inizio creazione immagini
[01:15:02]:: inizio lettura CSV
[01:15:02]:: fine lettura CSV
[01:15:02]:: inizio creazione immagini
[01:30:01]:: inizio lettura CSV
[01:30:01]:: fine lettura CSV
[01:30:01]:: inizio creazione immagini
[01:45:01]:: inizio lettura CSV
[01:45:01]:: fine lettura CSV
[01:45:02]:: inizio creazione immagini
[02:00:01]:: inizio lettura CSV
[02:00:02]:: fine lettura CSV
[02:00:02]:: inizio creazione immagini
[02:15:02]:: inizio lettura CSV
[02:15:02]:: fine lettura CSV
[02:15:02]:: inizio creazione immagini
[02:30:02]:: inizio lettura CSV
[02:30:02]:: fine lettura CSV
[02:30:02]:: inizio creazione immagini
[02:45:02]:: inizio lettura CSV
[02:45:02]:: fine lettura CSV
[02:45:02]:: inizio creazione immagini
[03:00:02]:: inizio lettura CSV
[03:00:02]:: fine lettura CSV
[03:00:02]:: inizio creazione immagini
[03:15:01]:: inizio lettura CSV
[03:15:01]:: fine lettura CSV
[03:15:01]:: inizio creazione immagini
[03:30:02]:: inizio lettura CSV
[03:30:02]:: fine lettura CSV
[03:30:02]:: inizio creazione immagini
[03:45:02]:: inizio lettura CSV
[03:45:02]:: fine lettura CSV
[03:45:02]:: inizio creazione immagini
[04:00:02]:: inizio lettura CSV
[04:00:02]:: fine lettura CSV
[04:00:02]:: inizio creazione immagini
[04:15:01]:: inizio lettura CSV
[04:15:01]:: fine lettura CSV
[04:15:01]:: inizio creazione immagini
[04:30:01]:: inizio lettura CSV
[04:30:01]:: fine lettura CSV
[04:30:01]:: inizio creazione immagini
[04:45:01]:: inizio lettura CSV
[04:45:02]:: fine lettura CSV
[04:45:02]:: inizio creazione immagini
[05:00:02]:: inizio lettura CSV
[05:00:02]:: fine lettura CSV
[05:00:02]:: inizio creazione immagini
[05:15:01]:: inizio lettura CSV
[05:15:02]:: fine lettura CSV
[05:15:02]:: inizio creazione immagini
[05:30:01]:: inizio lettura CSV
[05:30:01]:: fine lettura CSV
[05:30:01]:: inizio creazione immagini
[05:45:02]:: inizio lettura CSV
[05:45:02]:: fine lettura CSV
[05:45:02]:: inizio creazione immagini
[06:00:01]:: inizio lettura CSV
[06:00:01]:: fine lettura CSV
[06:00:01]:: inizio creazione immagini
[06:15:02]:: inizio lettura CSV
[06:15:02]:: fine lettura CSV
[06:15:02]:: inizio creazione immagini
[06:30:01]:: inizio lettura CSV
[06:30:01]:: fine lettura CSV
[06:30:01]:: inizio creazione immagini
[06:45:02]:: inizio lettura CSV
[06:45:02]:: fine lettura CSV
[06:45:02]:: inizio creazione immagini
[07:00:02]:: inizio lettura CSV
[07:00:02]:: fine lettura CSV
[07:00:02]:: inizio creazione immagini
[07:15:02]:: inizio lettura CSV
[07:15:02]:: fine lettura CSV
[07:15:02]:: inizio creazione immagini
[07:30:02]:: inizio lettura CSV
[07:30:02]:: fine lettura CSV
[07:30:02]:: inizio creazione immagini
[07:45:01]:: inizio lettura CSV
[07:45:01]:: fine lettura CSV
[07:45:01]:: inizio creazione immagini
[08:00:02]:: inizio lettura CSV
[08:00:02]:: fine lettura CSV
[08:00:02]:: inizio creazione immagini
[08:15:02]:: inizio lettura CSV
[08:15:02]:: fine lettura CSV
[08:15:02]:: inizio creazione immagini
[08:30:01]:: inizio lettura CSV
[08:30:01]:: fine lettura CSV
[08:30:01]:: inizio creazione immagini
[08:45:02]:: inizio lettura CSV
[08:45:02]:: fine lettura CSV
[08:45:02]:: inizio creazione immagini
[09:00:01]:: inizio lettura CSV
[09:00:01]:: fine lettura CSV
[09:00:01]:: inizio creazione immagini
[09:15:02]:: inizio lettura CSV
[09:15:02]:: fine lettura CSV
[09:15:02]:: inizio creazione immagini
[09:15:36]:: inizio lettura CSV
[09:15:36]:: fine lettura CSV
[09:15:36]:: inizio creazione immagini
[09:17:07]:: inizio lettura CSV
[09:17:07]:: fine lettura CSV
[09:17:07]:: inizio creazione immagini
[09:19:25]:: inizio lettura CSV
[09:19:25]:: fine lettura CSV
[09:19:25]:: inizio creazione immagini
[09:19:51]:: inizio lettura CSV
[09:19:51]:: fine lettura CSV
[09:19:51]:: inizio creazione immagini
[09:21:13]:: inizio lettura CSV
[09:21:13]:: fine lettura CSV
[09:21:13]:: inizio creazione immagini
[09:21:59]:: inizio lettura CSV
[09:21:59]:: fine lettura CSV
[09:21:59]:: inizio creazione immagini
[09:30:02]:: inizio lettura CSV
[09:30:02]:: fine lettura CSV
[09:30:02]:: inizio creazione immagini
[09:54:31]:: inizio lettura CSV
[09:54:31]:: fine lettura CSV
[09:54:31]:: inizio creazione prodotti
[09:55:06]:: fine creazione prodotti

***********************************************REPORTS************************************************

------------------------------------------------------------------------------------------------------
|TYPE                                              | Update quantities and prices                      |
|STATUS                                            | SUCCESS                                           |
|START                                             | 09:54:31                                          |
|END                                               | 09:55:06                                          |
|DURATION                                          | 0.58 minuti                                       |
|MANUFACTURERS CREATED                             | 0                                                 |
|CATEGORIES CREATED                                | 0                                                 |
|ATTRIBUTE VALUES CREATED                          | 0                                                 |
|FEATURE VALUES CREATED                            | 0                                                 |
|PRODUCTS CREATED                                  | 0                                                 |
|PRODUCTS DELETED                                  | 0                                                 |
|IMAGES CREATED                                    | 0                                                 |
------------------------------------------------------------------------------------------------------

***********************************************REPORTS************************************************

