[08:28:16]:: inizio lettura CSV
[08:28:16]:: fine lettura CSV
[08:28:17]:: inizio creazione prodotti
[08:28:31]:: fine creazione prodotti

***********************************************REPORTS************************************************

------------------------------------------------------------------------------------------------------
|TYPE                                              | Import images                                     |
|STATUS                                            | SUCCESS                                           |
|START                                             | 08:28:16                                          |
|END                                               | 08:28:31                                          |
|DURATION                                          | 0.25 minuti                                       |
|MANUFACTURERS CREATED                             | 0                                                 |
|CATEGORIES CREATED                                | 0                                                 |
|ATTRIBUTE VALUES CREATED                          | 0                                                 |
|FEATURE VALUES CREATED                            | 0                                                 |
|PRODUCTS CREATED                                  | 0                                                 |
|PRODUCTS DELETED                                  | 0                                                 |
------------------------------------------------------------------------------------------------------

***********************************************REPORTS************************************************

[08:28:39]:: inizio lettura CSV
[08:28:39]:: fine lettura CSV
[08:28:39]:: inizio creazione prodotti
[08:28:46]:: fine creazione prodotti

***********************************************REPORTS************************************************

------------------------------------------------------------------------------------------------------
|TYPE                                              | Import images                                     |
|STATUS                                            | SUCCESS                                           |
|START                                             | 08:28:39                                          |
|END                                               | 08:28:46                                          |
|DURATION                                          | 0.12 minuti                                       |
|MANUFACTURERS CREATED                             | 0                                                 |
|CATEGORIES CREATED                                | 0                                                 |
|ATTRIBUTE VALUES CREATED                          | 0                                                 |
|FEATURE VALUES CREATED                            | 0                                                 |
|PRODUCTS CREATED                                  | 0                                                 |
|PRODUCTS DELETED                                  | 0                                                 |
------------------------------------------------------------------------------------------------------

***********************************************REPORTS************************************************

[08:29:07]:: inizio lettura CSV
[08:29:07]:: fine lettura CSV
[08:29:07]:: inizio creazione prodotti
[08:29:15]:: fine creazione prodotti

***********************************************REPORTS************************************************

------------------------------------------------------------------------------------------------------
|TYPE                                              | Import images                                     |
|STATUS                                            | SUCCESS                                           |
|START                                             | 08:29:07                                          |
|END                                               | 08:29:15                                          |
|DURATION                                          | 0.13 minuti                                       |
|MANUFACTURERS CREATED                             | 0                                                 |
|CATEGORIES CREATED                                | 0                                                 |
|ATTRIBUTE VALUES CREATED                          | 0                                                 |
|FEATURE VALUES CREATED                            | 0                                                 |
|PRODUCTS CREATED                                  | 0                                                 |
|PRODUCTS DELETED                                  | 0                                                 |
------------------------------------------------------------------------------------------------------

***********************************************REPORTS************************************************

[08:30:30]:: inizio lettura CSV
[08:30:30]:: fine lettura CSV
[08:30:41]:: inizio lettura CSV
[08:30:41]:: fine lettura CSV
[08:31:08]:: inizio lettura CSV
[08:31:08]:: fine lettura CSV
[08:31:08]:: inizio creazione prodotti
[08:31:11]:: fine creazione prodotti

***********************************************REPORTS************************************************

------------------------------------------------------------------------------------------------------
|TYPE                                              | Import images                                     |
|STATUS                                            | SUCCESS                                           |
|START                                             | 08:31:08                                          |
|END                                               | 08:31:11                                          |
|DURATION                                          | 0.05 minuti                                       |
|MANUFACTURERS CREATED                             | 0                                                 |
|CATEGORIES CREATED                                | 0                                                 |
|ATTRIBUTE VALUES CREATED                          | 0                                                 |
|FEATURE VALUES CREATED                            | 0                                                 |
|PRODUCTS CREATED                                  | 0                                                 |
|PRODUCTS DELETED                                  | 0                                                 |
------------------------------------------------------------------------------------------------------

***********************************************REPORTS************************************************

[08:31:49]:: inizio lettura CSV
[08:31:49]:: fine lettura CSV
[08:31:49]:: inizio creazione prodotti
[08:31:52]:: fine creazione prodotti

***********************************************REPORTS************************************************

------------------------------------------------------------------------------------------------------
|TYPE                                              | Import images                                     |
|STATUS                                            | SUCCESS                                           |
|START                                             | 08:31:49                                          |
|END                                               | 08:31:52                                          |
|DURATION                                          | 0.05 minuti                                       |
|MANUFACTURERS CREATED                             | 0                                                 |
|CATEGORIES CREATED                                | 0                                                 |
|ATTRIBUTE VALUES CREATED                          | 0                                                 |
|FEATURE VALUES CREATED                            | 0                                                 |
|PRODUCTS CREATED                                  | 0                                                 |
|PRODUCTS DELETED                                  | 0                                                 |
------------------------------------------------------------------------------------------------------

***********************************************REPORTS************************************************

[08:34:17]:: inizio lettura CSV
[08:34:17]:: fine lettura CSV
[08:34:24]:: inizio lettura CSV
[08:34:24]:: fine lettura CSV
[08:35:10]:: inizio lettura CSV
[08:35:10]:: fine lettura CSV
[08:35:17]:: inizio lettura CSV
[08:35:17]:: fine lettura CSV
[08:45:38]:: inizio lettura CSV
[08:45:38]:: fine lettura CSV
[08:52:44]:: inizio lettura CSV
[08:52:44]:: fine lettura CSV
[08:57:21]:: inizio lettura CSV
[08:57:21]:: fine lettura CSV
[08:57:32]:: inizio lettura CSV
[08:57:32]:: fine lettura CSV
[08:58:02]:: inizio lettura CSV
[08:58:02]:: fine lettura CSV
[08:58:15]:: inizio lettura CSV
[08:58:15]:: fine lettura CSV
[09:00:18]:: inizio lettura CSV
[09:00:18]:: fine lettura CSV
[09:02:23]:: inizio lettura CSV
[09:02:23]:: fine lettura CSV
[09:02:34]:: inizio lettura CSV
[09:02:34]:: fine lettura CSV
[09:02:50]:: inizio lettura CSV
[09:02:50]:: fine lettura CSV
[09:03:29]:: inizio lettura CSV
[09:03:29]:: fine lettura CSV
[09:04:13]:: inizio lettura CSV
[09:04:13]:: fine lettura CSV
[09:07:16]:: inizio lettura CSV
[09:07:16]:: fine lettura CSV
[09:10:26]:: inizio lettura CSV
[09:10:26]:: fine lettura CSV
[09:10:26]:: inizio creazione immagini
[09:10:58]:: fine creazione immagini

***********************************************REPORTS************************************************

------------------------------------------------------------------------------------------------------
|TYPE                                              | Import images                                     |
|STATUS                                            | SUCCESS                                           |
|START                                             | 09:10:26                                          |
|END                                               | 09:10:58                                          |
|DURATION                                          | 0.53 minuti                                       |
|MANUFACTURERS CREATED                             | 0                                                 |
|CATEGORIES CREATED                                | 0                                                 |
|ATTRIBUTE VALUES CREATED                          | 0                                                 |
|FEATURE VALUES CREATED                            | 0                                                 |
|PRODUCTS CREATED                                  | 0                                                 |
|PRODUCTS DELETED                                  | 0                                                 |
|IMAGES CREATED                                    | 21                                                |
------------------------------------------------------------------------------------------------------

***********************************************REPORTS************************************************

[09:13:01]:: inizio lettura CSV
[09:13:01]:: fine lettura CSV
[09:13:01]:: inizio creazione immagini
[09:15:15]:: inizio lettura CSV
[09:15:15]:: fine lettura CSV
[09:15:15]:: inizio creazione immagini
[09:15:15]:: fine creazione immagini

***********************************************REPORTS************************************************

------------------------------------------------------------------------------------------------------
|TYPE                                              | Import images                                     |
|STATUS                                            | SUCCESS                                           |
|START                                             | 09:15:15                                          |
|END                                               | 09:15:15                                          |
|DURATION                                          | 0 minuti                                          |
|MANUFACTURERS CREATED                             | 0                                                 |
|CATEGORIES CREATED                                | 0                                                 |
|ATTRIBUTE VALUES CREATED                          | 0                                                 |
|FEATURE VALUES CREATED                            | 0                                                 |
|PRODUCTS CREATED                                  | 0                                                 |
|PRODUCTS DELETED                                  | 0                                                 |
|IMAGES CREATED                                    | 0                                                 |
------------------------------------------------------------------------------------------------------

***********************************************REPORTS************************************************

[09:15:35]:: inizio lettura CSV
[09:15:35]:: fine lettura CSV
[09:15:35]:: inizio creazione immagini
[09:19:42]:: inizio lettura CSV
[09:19:42]:: fine lettura CSV
[09:19:42]:: inizio creazione immagini
[09:19:42]:: fine creazione immagini

***********************************************REPORTS************************************************

------------------------------------------------------------------------------------------------------
|TYPE                                              | Import images                                     |
|STATUS                                            | SUCCESS                                           |
|START                                             | 09:19:42                                          |
|END                                               | 09:19:42                                          |
|DURATION                                          | 0 minuti                                          |
|MANUFACTURERS CREATED                             | 0                                                 |
|CATEGORIES CREATED                                | 0                                                 |
|ATTRIBUTE VALUES CREATED                          | 0                                                 |
|FEATURE VALUES CREATED                            | 0                                                 |
|PRODUCTS CREATED                                  | 0                                                 |
|PRODUCTS DELETED                                  | 0                                                 |
|IMAGES CREATED                                    | 0                                                 |
------------------------------------------------------------------------------------------------------

***********************************************REPORTS************************************************

[09:19:56]:: inizio lettura CSV
[09:19:56]:: fine lettura CSV
[09:19:56]:: inizio creazione immagini
[09:20:12]:: inizio lettura CSV
[09:20:12]:: fine lettura CSV
[09:20:12]:: inizio creazione immagini
[09:21:40]:: inizio lettura CSV
[09:21:40]:: fine lettura CSV
[09:21:40]:: inizio creazione immagini
[09:21:40]:: fine creazione immagini

***********************************************REPORTS************************************************

------------------------------------------------------------------------------------------------------
|TYPE                                              | Import images                                     |
|STATUS                                            | SUCCESS                                           |
|START                                             | 09:21:40                                          |
|END                                               | 09:21:40                                          |
|DURATION                                          | 0 minuti                                          |
|MANUFACTURERS CREATED                             | 0                                                 |
|CATEGORIES CREATED                                | 0                                                 |
|ATTRIBUTE VALUES CREATED                          | 0                                                 |
|FEATURE VALUES CREATED                            | 0                                                 |
|PRODUCTS CREATED                                  | 0                                                 |
|PRODUCTS DELETED                                  | 0                                                 |
|IMAGES CREATED                                    | 0                                                 |
------------------------------------------------------------------------------------------------------

***********************************************REPORTS************************************************

[09:22:24]:: inizio lettura CSV
[09:22:24]:: fine lettura CSV
[09:22:24]:: inizio creazione immagini
[09:24:41]:: inizio lettura CSV
[09:24:42]:: fine lettura CSV
[09:24:42]:: inizio creazione immagini
[09:25:19]:: fine creazione immagini

***********************************************REPORTS************************************************

------------------------------------------------------------------------------------------------------
|TYPE                                              | Import images                                     |
|STATUS                                            | SUCCESS                                           |
|START                                             | 09:24:41                                          |
|END                                               | 09:25:19                                          |
|DURATION                                          | 0.63 minuti                                       |
|MANUFACTURERS CREATED                             | 0                                                 |
|CATEGORIES CREATED                                | 0                                                 |
|ATTRIBUTE VALUES CREATED                          | 0                                                 |
|FEATURE VALUES CREATED                            | 0                                                 |
|PRODUCTS CREATED                                  | 0                                                 |
|PRODUCTS DELETED                                  | 0                                                 |
|IMAGES CREATED                                    | 26                                                |
------------------------------------------------------------------------------------------------------

***********************************************REPORTS************************************************

[09:32:12]:: inizio lettura CSV
[09:32:13]:: fine lettura CSV
[09:32:13]:: inizio creazione immagini
[09:32:46]:: fine creazione immagini

***********************************************REPORTS************************************************

------------------------------------------------------------------------------------------------------
|TYPE                                              | Import images                                     |
|STATUS                                            | SUCCESS                                           |
|START                                             | 09:32:12                                          |
|END                                               | 09:32:46                                          |
|DURATION                                          | 0.57 minuti                                       |
|MANUFACTURERS CREATED                             | 0                                                 |
|CATEGORIES CREATED                                | 0                                                 |
|ATTRIBUTE VALUES CREATED                          | 0                                                 |
|FEATURE VALUES CREATED                            | 0                                                 |
|PRODUCTS CREATED                                  | 0                                                 |
|PRODUCTS DELETED                                  | 0                                                 |
|IMAGES CREATED                                    | 21                                                |
------------------------------------------------------------------------------------------------------

***********************************************REPORTS************************************************

[09:33:34]:: inizio lettura CSV
[09:33:34]:: fine lettura CSV
[09:33:34]:: inizio creazione prodotti
[09:33:59]:: fine creazione prodotti

***********************************************REPORTS************************************************

------------------------------------------------------------------------------------------------------
|TYPE                                              | Update quantities and prices                      |
|STATUS                                            | SUCCESS                                           |
|START                                             | 09:33:34                                          |
|END                                               | 09:33:59                                          |
|DURATION                                          | 0.42 minuti                                       |
|MANUFACTURERS CREATED                             | 0                                                 |
|CATEGORIES CREATED                                | 0                                                 |
|ATTRIBUTE VALUES CREATED                          | 0                                                 |
|FEATURE VALUES CREATED                            | 0                                                 |
|PRODUCTS CREATED                                  | 0                                                 |
|PRODUCTS DELETED                                  | 0                                                 |
|IMAGES CREATED                                    | 0                                                 |
------------------------------------------------------------------------------------------------------

***********************************************REPORTS************************************************

[09:33:59]:: inizio lettura CSV
[09:33:59]:: fine lettura CSV
[09:33:59]:: inizio creazione immagini
[09:34:31]:: fine creazione immagini

***********************************************REPORTS************************************************

------------------------------------------------------------------------------------------------------
|TYPE                                              | Import images                                     |
|STATUS                                            | SUCCESS                                           |
|START                                             | 09:33:59                                          |
|END                                               | 09:34:31                                          |
|DURATION                                          | 0.53 minuti                                       |
|MANUFACTURERS CREATED                             | 0                                                 |
|CATEGORIES CREATED                                | 0                                                 |
|ATTRIBUTE VALUES CREATED                          | 0                                                 |
|FEATURE VALUES CREATED                            | 0                                                 |
|PRODUCTS CREATED                                  | 0                                                 |
|PRODUCTS DELETED                                  | 0                                                 |
|IMAGES CREATED                                    | 21                                                |
------------------------------------------------------------------------------------------------------

***********************************************REPORTS************************************************

[09:34:56]:: inizio lettura CSV
[09:34:56]:: fine lettura CSV
[09:34:56]:: inizio creazione prodotti
[09:35:25]:: fine creazione prodotti

***********************************************REPORTS************************************************

------------------------------------------------------------------------------------------------------
|TYPE                                              | Update quantities and prices                      |
|STATUS                                            | SUCCESS                                           |
|START                                             | 09:34:56                                          |
|END                                               | 09:35:25                                          |
|DURATION                                          | 0.48 minuti                                       |
|MANUFACTURERS CREATED                             | 0                                                 |
|CATEGORIES CREATED                                | 0                                                 |
|ATTRIBUTE VALUES CREATED                          | 0                                                 |
|FEATURE VALUES CREATED                            | 0                                                 |
|PRODUCTS CREATED                                  | 0                                                 |
|PRODUCTS DELETED                                  | 0                                                 |
|IMAGES CREATED                                    | 0                                                 |
------------------------------------------------------------------------------------------------------

***********************************************REPORTS************************************************

[09:36:06]:: inizio lettura CSV
[09:36:06]:: fine lettura CSV
[09:36:06]:: inizio creazione immagini
[09:36:37]:: fine creazione immagini

***********************************************REPORTS************************************************

------------------------------------------------------------------------------------------------------
|TYPE                                              | Import images                                     |
|STATUS                                            | SUCCESS                                           |
|START                                             | 09:36:06                                          |
|END                                               | 09:36:37                                          |
|DURATION                                          | 0.52 minuti                                       |
|MANUFACTURERS CREATED                             | 0                                                 |
|CATEGORIES CREATED                                | 0                                                 |
|ATTRIBUTE VALUES CREATED                          | 0                                                 |
|FEATURE VALUES CREATED                            | 0                                                 |
|PRODUCTS CREATED                                  | 0                                                 |
|PRODUCTS DELETED                                  | 0                                                 |
|IMAGES CREATED                                    | 21                                                |
------------------------------------------------------------------------------------------------------

***********************************************REPORTS************************************************

[09:38:03]:: inizio lettura CSV
[09:38:03]:: fine lettura CSV
[09:38:03]:: inizio creazione immagini
[09:39:00]:: inizio lettura CSV
[09:39:01]:: fine lettura CSV
[09:39:01]:: inizio creazione immagini
[09:40:27]:: inizio lettura CSV
[09:40:27]:: fine lettura CSV
[09:40:27]:: inizio creazione immagini
[09:40:27]:: fine creazione immagini

***********************************************REPORTS************************************************

------------------------------------------------------------------------------------------------------
|TYPE                                              | Import images                                     |
|STATUS                                            | SUCCESS                                           |
|START                                             | 09:40:27                                          |
|END                                               | 09:40:27                                          |
|DURATION                                          | 0 minuti                                          |
|MANUFACTURERS CREATED                             | 0                                                 |
|CATEGORIES CREATED                                | 0                                                 |
|ATTRIBUTE VALUES CREATED                          | 0                                                 |
|FEATURE VALUES CREATED                            | 0                                                 |
|PRODUCTS CREATED                                  | 0                                                 |
|PRODUCTS DELETED                                  | 0                                                 |
|IMAGES CREATED                                    | 0                                                 |
------------------------------------------------------------------------------------------------------

***********************************************REPORTS************************************************

[10:21:32]:: inizio lettura CSV
[10:21:32]:: fine lettura CSV
[10:21:32]:: inizio creazione immagini
[10:46:38]:: inizio lettura CSV
[10:46:38]:: fine lettura CSV
[10:46:38]:: inizio creazione immagini
[10:46:41]:: Importate immagini di 1850-40-NERO
[10:46:45]:: Importate immagini di 1850-38-NERO
[10:46:50]:: Importate immagini di 1850-37-NERO
[10:46:53]:: Importate immagini di 1850-36-NERO
[10:46:58]:: Importate immagini di 1850-39-NERO
[10:47:02]:: Importate immagini di 1850-41-NERO
[10:47:03]:: Importate immagini di 1891-39-DORATO
[10:47:06]:: Importate immagini di 1891-38-DORATO
[10:47:10]:: Importate immagini di 1891-38-NERO
[10:47:14]:: Importate immagini di 1891
[10:47:27]:: Importate immagini di 1972-40-BORDEAUX
[10:47:38]:: Importate immagini di 1972-39-NERO
[10:47:49]:: Importate immagini di 1972-36-NERO
[10:48:01]:: Importate immagini di 1972-37-NERO
[10:48:13]:: Importate immagini di 1972-41-NERO
[10:48:26]:: Importate immagini di 1972-40-NERO
[10:48:39]:: Importate immagini di 1972
[10:48:43]:: Importate immagini di 2311-39-NERO
[10:48:47]:: Importate immagini di 2311-37-NERO
[10:48:51]:: Importate immagini di 2311-40-NERO
[10:48:54]:: Importate immagini di 2311-39-BORDEAUX
[10:48:54]:: fine creazione immagini

***********************************************REPORTS************************************************

------------------------------------------------------------------------------------------------------
|TYPE                                              | Import images                                     |
|STATUS                                            | SUCCESS                                           |
|START                                             | 10:46:38                                          |
|END                                               | 10:48:54                                          |
|DURATION                                          | 2.27 minuti                                       |
|MANUFACTURERS CREATED                             | 0                                                 |
|CATEGORIES CREATED                                | 0                                                 |
|ATTRIBUTE VALUES CREATED                          | 0                                                 |
|FEATURE VALUES CREATED                            | 0                                                 |
|PRODUCTS CREATED                                  | 0                                                 |
|PRODUCTS DELETED                                  | 0                                                 |
|IMAGES CREATED                                    | 44                                                |
------------------------------------------------------------------------------------------------------

***********************************************REPORTS************************************************

[10:49:09]:: inizio lettura CSV
[10:49:09]:: fine lettura CSV
[10:49:09]:: inizio creazione immagini
[10:49:12]:: Importate immagini di 2311-38-BORDEAUX
[10:49:15]:: Importate immagini di 2311-40-BORRDEAUX
[10:49:19]:: Importate immagini di 2311-41-BORDEAUX
[10:49:22]:: Importate immagini di 2311-39-BLU
[10:49:24]:: Importate immagini di 2311-40-BLU
[10:49:29]:: Importate immagini di 2311-38-BLU
[10:49:31]:: Importate immagini di 2311-37-BLU
[10:49:34]:: Importate immagini di 2311-36-BLU
[10:49:39]:: Importate immagini di 2311-41-BLU
[10:49:42]:: Importate immagini di 2311-37-BORDEAUX
[10:49:45]:: Importate immagini di 2311
[10:49:53]:: Importate immagini di APR5370-39-NERO
[10:50:00]:: Importate immagini di APR5370-38-NERO
[10:50:06]:: Importate immagini di APR5370
[10:50:41]:: Importate immagini di CLU5750-35-NERO
[10:51:16]:: Importate immagini di CLU5750-36-NERO
[10:51:51]:: Importate immagini di CLU5750-37-NERO
[10:52:29]:: Importate immagini di CLU5750-38-NERO
[10:53:05]:: Importate immagini di CLU5750-39-NERO
[10:53:40]:: Importate immagini di CLU5750-40-NERO
[10:54:13]:: Importate immagini di CLU5750-41-NERO
[10:54:13]:: fine creazione immagini

***********************************************REPORTS************************************************

------------------------------------------------------------------------------------------------------
|TYPE                                              | Import images                                     |
|STATUS                                            | SUCCESS                                           |
|START                                             | 10:49:09                                          |
|END                                               | 10:54:13                                          |
|DURATION                                          | 5.07 minuti                                       |
|MANUFACTURERS CREATED                             | 0                                                 |
|CATEGORIES CREATED                                | 0                                                 |
|ATTRIBUTE VALUES CREATED                          | 0                                                 |
|FEATURE VALUES CREATED                            | 0                                                 |
|PRODUCTS CREATED                                  | 0                                                 |
|PRODUCTS DELETED                                  | 0                                                 |
|IMAGES CREATED                                    | 52                                                |
------------------------------------------------------------------------------------------------------

***********************************************REPORTS************************************************

[10:55:37]:: inizio lettura CSV
[10:55:38]:: fine lettura CSV
[10:55:38]:: inizio creazione immagini
[10:56:14]:: Importate immagini di CLU5750
[10:56:19]:: Importate immagini di CLU5753-35-MARRONE
[10:56:25]:: Importate immagini di CLU5753-36-MARRONE
[10:56:31]:: Importate immagini di CLU5753-37-MARRONE
[10:56:38]:: Importate immagini di CLU5753-38-MARRONE
[10:56:44]:: Importate immagini di CLU5753-39-MARRONE
[10:56:51]:: Importate immagini di CLU5753-40-MARRONE
[10:56:58]:: Importate immagini di CLU5753-41-MARRONE
[10:57:04]:: Importate immagini di CLU5753
[10:57:05]:: Importate immagini di CLU5754-37-NERO
[10:57:07]:: Importate immagini di CLU5754
[10:57:14]:: Importate immagini di CLU5756-36-NERO
[10:57:21]:: Importate immagini di CLU5756-37-NERO
[10:57:27]:: Importate immagini di CLU5756-38-NERO
[10:57:34]:: Importate immagini di CLU5756-39-NERO
[10:57:41]:: Importate immagini di CLU5756-40-NERO
[10:57:47]:: Importate immagini di CLU5756-41-NERO
[10:57:52]:: Importate immagini di CLU5756
[10:58:25]:: Importate immagini di CLU5761-36-MARRONE
[10:59:00]:: Importate immagini di CLU5761-37-MARRONE
[10:59:34]:: Importate immagini di CLU5761-38-MARRONE
[10:59:34]:: fine creazione immagini

***********************************************REPORTS************************************************

------------------------------------------------------------------------------------------------------
|TYPE                                              | Import images                                     |
|STATUS                                            | SUCCESS                                           |
|START                                             | 10:55:37                                          |
|END                                               | 10:59:34                                          |
|DURATION                                          | 3.95 minuti                                       |
|MANUFACTURERS CREATED                             | 0                                                 |
|CATEGORIES CREATED                                | 0                                                 |
|ATTRIBUTE VALUES CREATED                          | 0                                                 |
|FEATURE VALUES CREATED                            | 0                                                 |
|PRODUCTS CREATED                                  | 0                                                 |
|PRODUCTS DELETED                                  | 0                                                 |
|IMAGES CREATED                                    | 74                                                |
------------------------------------------------------------------------------------------------------

***********************************************REPORTS************************************************

[11:20:14]:: inizio lettura CSV
[11:20:14]:: fine lettura CSV
[11:20:14]:: inizio creazione immagini
[11:20:25]:: Importate immagini di 1890-40-BORDEAUX
[11:20:39]:: Importate immagini di 1890-37-BORDEAUX
[11:20:54]:: Importate immagini di 1890-39-BORDEAUX
[11:20:58]:: Importate immagini di 7733--38-GRIGIO
[11:21:03]:: Importate immagini di 7733-41-GRIGIO
[11:21:07]:: Importate immagini di 7733-37-GRIGIO
[11:21:13]:: Importate immagini di 7733-39-GRIGIO
[11:21:18]:: Importate immagini di 7733-40-GRIGIO
[11:21:24]:: Importate immagini di 7733
[11:21:55]:: Importate immagini di 92030-M-BLU
[11:22:28]:: Importate immagini di 92030-L-BLU
[11:22:59]:: Importate immagini di 92030-XL-BLU
[11:23:25]:: Importate immagini di 92030-L-LILLA
[11:23:52]:: Importate immagini di 92030-XL-LILLA
[11:24:20]:: Importate immagini di 92030-M-GRIGIO
[11:24:54]:: Importate immagini di 92030-L-GRIGIO
[11:25:26]:: Importate immagini di 92030-XL-GRIGIO
[11:25:57]:: Importate immagini di 92030
[11:26:12]:: Importate immagini di 92034-M-BLU
[11:26:27]:: Importate immagini di 92034-L-BLU
[11:26:44]:: Importate immagini di 92034-XL-BLU
[11:26:44]:: fine creazione immagini

***********************************************REPORTS************************************************

------------------------------------------------------------------------------------------------------
|TYPE                                              | Import images                                     |
|STATUS                                            | SUCCESS                                           |
|START                                             | 11:20:14                                          |
|END                                               | 11:26:44                                          |
|DURATION                                          | 6.5 minuti                                        |
|MANUFACTURERS CREATED                             | 0                                                 |
|CATEGORIES CREATED                                | 0                                                 |
|ATTRIBUTE VALUES CREATED                          | 0                                                 |
|FEATURE VALUES CREATED                            | 0                                                 |
|PRODUCTS CREATED                                  | 0                                                 |
|PRODUCTS DELETED                                  | 0                                                 |
|IMAGES CREATED                                    | 48                                                |
------------------------------------------------------------------------------------------------------

***********************************************REPORTS************************************************

[11:34:28]:: inizio lettura CSV
[11:34:28]:: fine lettura CSV
[11:34:28]:: inizio creazione immagini
[11:34:58]:: Importate immagini di 92030-L-GRIGIO
[11:35:29]:: Importate immagini di 92030-XL-GRIGIO
[11:35:42]:: Importate immagini di 92034-M-ROSA
[11:35:55]:: Importate immagini di 92034-L-ROSA
[11:36:08]:: Importate immagini di 92034-XL-ROSA
[11:36:22]:: Importate immagini di 92034-M-GRIGIO
[11:36:37]:: Importate immagini di 92034-L-GRIGIO
[11:36:51]:: Importate immagini di 92034-XL-GRIGIO
[11:37:06]:: Importate immagini di 92034
[11:37:26]:: Importate immagini di 990704S-S-SKIN
[11:37:46]:: Importate immagini di 990704S-M-SKIN
[11:38:08]:: Importate immagini di 990704S-L-SKIN
[11:38:30]:: Importate immagini di 990704S-S-NERO
[11:38:52]:: Importate immagini di 990704S
[11:39:16]:: Importate immagini di BIA92013S-S-CORALLO
[11:39:44]:: Importate immagini di BIA92013S-M-CORALLO
[11:40:14]:: Importate immagini di BIA92013S-L-CORALLO
[11:40:42]:: Importate immagini di BIA92013S-XL-CORALLO
[11:41:05]:: Importate immagini di BIA92013S-S-NERO
[11:41:26]:: Importate immagini di BIA92013S-M-NERO
[11:41:53]:: Importate immagini di BIA92013S-L-NERO
[11:41:53]:: fine creazione immagini

***********************************************REPORTS************************************************

------------------------------------------------------------------------------------------------------
|TYPE                                              | Import images                                     |
|STATUS                                            | SUCCESS                                           |
|START                                             | 11:34:28                                          |
|END                                               | 11:41:53                                          |
|DURATION                                          | 7.42 minuti                                       |
|MANUFACTURERS CREATED                             | 0                                                 |
|CATEGORIES CREATED                                | 0                                                 |
|ATTRIBUTE VALUES CREATED                          | 0                                                 |
|FEATURE VALUES CREATED                            | 0                                                 |
|PRODUCTS CREATED                                  | 0                                                 |
|PRODUCTS DELETED                                  | 0                                                 |
|IMAGES CREATED                                    | 42                                                |
------------------------------------------------------------------------------------------------------

***********************************************REPORTS************************************************

[11:47:37]:: inizio lettura CSV
[11:47:38]:: fine lettura CSV
[11:47:38]:: inizio creazione immagini
[11:48:06]:: Importate immagini di 92030-L-GRIGIO
[11:48:36]:: Importate immagini di 92030-XL-GRIGIO
[11:48:59]:: Importate immagini di 990704S-S-NERO
[11:49:21]:: Importate immagini di BIA92013S-XL-NERO
[11:49:43]:: Importate immagini di BIA92013S
[11:50:22]:: Importate immagini di BIA92012S-S-BLU MARINO
[11:51:02]:: Importate immagini di BIA92012S-M-BLU MARINO
[11:51:47]:: Importate immagini di BIA92012S-L-BLU MARINO
[11:52:29]:: Importate immagini di BIA92012S-XL-BLU MARINO
[11:53:05]:: Importate immagini di BIA92012S-S-NERO
[11:53:40]:: Importate immagini di BIA92012S-M-NERO
[11:54:18]:: Importate immagini di BIA92012S-L-NERO
[11:54:57]:: Importate immagini di BIA92012S-XL-NERO
[11:55:36]:: Importate immagini di BIA92012S-S-BIANCO
[11:56:15]:: Importate immagini di BIA92012S-M-BIANCO
[11:56:57]:: Importate immagini di BIA92012S-L-BIANCO
[11:57:37]:: Importate immagini di BIA92012S-XL-BIANCO
[11:58:19]:: Importate immagini di BIA92012S
[11:59:03]:: Importate immagini di BIA92010S-S-BIANCO
[11:59:51]:: Importate immagini di BIA92010S-M-BIANCO
[12:00:42]:: Importate immagini di BIA92010S-L-BIANCO
[12:00:42]:: fine creazione immagini

***********************************************REPORTS************************************************

------------------------------------------------------------------------------------------------------
|TYPE                                              | Import images                                     |
|STATUS                                            | SUCCESS                                           |
|START                                             | 11:47:37                                          |
|END                                               | 12:00:42                                          |
|DURATION                                          | 13.08 minuti                                      |
|MANUFACTURERS CREATED                             | 0                                                 |
|CATEGORIES CREATED                                | 0                                                 |
|ATTRIBUTE VALUES CREATED                          | 0                                                 |
|FEATURE VALUES CREATED                            | 0                                                 |
|PRODUCTS CREATED                                  | 0                                                 |
|PRODUCTS DELETED                                  | 0                                                 |
|IMAGES CREATED                                    | 61                                                |
------------------------------------------------------------------------------------------------------

***********************************************REPORTS************************************************

[12:01:16]:: inizio lettura CSV
[12:01:16]:: fine lettura CSV
[12:01:16]:: inizio creazione immagini
[12:01:48]:: Importate immagini di 92030-L-GRIGIO
[12:02:21]:: Importate immagini di 92030-XL-GRIGIO
[12:02:48]:: Importate immagini di 990704S-S-NERO
[12:03:36]:: Importate immagini di BIA92010S-XL-BIANCO
[12:04:20]:: Importate immagini di BIA92010S
[12:05:00]:: Importate immagini di 90700-M-NUDE
[12:05:41]:: Importate immagini di 90700-L-NUDE
[12:06:23]:: Importate immagini di 90700-XXL-NUDE
[12:06:53]:: Importate immagini di 90700-M-BIANCO
[12:07:25]:: Importate immagini di 90700-L-BIANCO
[12:07:54]:: Importate immagini di 90700-XL-BIANCO
[12:08:27]:: Importate immagini di 90700-XXL-BIANCO
[12:08:56]:: Importate immagini di 90700
[12:09:15]:: Importate immagini di UPJ10011S-M-NAVY
[12:09:36]:: Importate immagini di UPJ10011S-L-NAVY
[12:09:58]:: Importate immagini di UPJ10011S-XL-NAVY
[12:10:20]:: Importate immagini di UPJ10011S-XXL-NAVY
[12:10:43]:: Importate immagini di UPJ10011S-M-GRIGIO
[12:11:05]:: Importate immagini di UPJ10011S-L-GRIGIO
[12:11:30]:: Importate immagini di UPJ10011S-XL-GRIGIO
[12:11:56]:: Importate immagini di UPJ10011S-XXL-GRIGIO
[12:11:56]:: fine creazione immagini

***********************************************REPORTS************************************************

------------------------------------------------------------------------------------------------------
|TYPE                                              | Import images                                     |
|STATUS                                            | SUCCESS                                           |
|START                                             | 12:01:16                                          |
|END                                               | 12:11:56                                          |
|DURATION                                          | 10.67 minuti                                      |
|MANUFACTURERS CREATED                             | 0                                                 |
|CATEGORIES CREATED                                | 0                                                 |
|ATTRIBUTE VALUES CREATED                          | 0                                                 |
|FEATURE VALUES CREATED                            | 0                                                 |
|PRODUCTS CREATED                                  | 0                                                 |
|PRODUCTS DELETED                                  | 0                                                 |
|IMAGES CREATED                                    | 49                                                |
------------------------------------------------------------------------------------------------------

***********************************************REPORTS************************************************

[12:34:11]:: inizio lettura CSV
[12:34:11]:: fine lettura CSV
[12:34:11]:: inizio creazione immagini
[12:34:40]:: Importate immagini di 92030-L-GRIGIO
[12:35:13]:: Importate immagini di 92030-XL-GRIGIO
[12:35:31]:: inizio lettura CSV
[12:35:31]:: fine lettura CSV
[12:35:31]:: inizio creazione immagini
[12:35:45]:: Importate immagini di 990704S-S-NERO
[12:36:36]:: Importate immagini di 92030-L-GRIGIO
[12:36:39]:: Importate immagini di UPJ10011S-M-GRIGIO
[12:37:30]:: Importate immagini di 92030-XL-GRIGIO
[12:37:34]:: Importate immagini di UPJ10011S-L-GRIGIO
[12:38:16]:: Importate immagini di 990704S-S-NERO
[12:38:27]:: Importate immagini di UPJ10011S-XL-GRIGIO
[12:39:04]:: Importate immagini di UPJ10011S-M-GRIGIO
[12:39:19]:: Importate immagini di UPJ10011S-XXL-GRIGIO
[12:39:56]:: Importate immagini di UPJ10011S-L-GRIGIO
[12:40:11]:: Importate immagini di UPJ10011S
[12:40:44]:: Importate immagini di UPJ10011S-XL-GRIGIO
[12:41:30]:: Importate immagini di UPJ10009S-M-FEDERAL BLUE
[12:41:31]:: Importate immagini di UPJ10011S-XXL-GRIGIO
[12:42:25]:: Importate immagini di UPJ10011S
[12:42:48]:: Importate immagini di UPJ10009S-L-FEDERAL BLUE
[12:43:47]:: Importate immagini di UPJ10009S-M-FEDERAL BLUE
[12:44:04]:: Importate immagini di UPJ10009S-XL-FEDERAL BLUE
[12:45:09]:: Importate immagini di UPJ10009S-L-FEDERAL BLUE
[12:45:25]:: Importate immagini di UPJ10009S-XXL-FEDERAL BLUE
[12:45:28]:: inizio lettura CSV
[12:45:28]:: fine lettura CSV
[12:45:28]:: inizio creazione immagini
[12:47:00]:: Importate immagini di 92030-L-GRIGIO
[12:47:19]:: Importate immagini di UPJ10009S-XL-FEDERAL BLUE
[12:47:30]:: Importate immagini di UPJ10009S
[12:48:27]:: Importate immagini di 92030-XL-GRIGIO
[12:49:32]:: Importate immagini di UPJ10009S-XXL-FEDERAL BLUE
[12:49:48]:: Importate immagini di 990704S-S-NERO
[12:50:09]:: Importate immagini di UPJ96226S-S-GRIGIO
[12:51:08]:: Importate immagini di UPJ10011S-M-GRIGIO
[12:51:35]:: Importate immagini di UPJ10009S
[12:52:21]:: Importate immagini di UPJ10011S-L-GRIGIO
[12:52:58]:: Importate immagini di UPJ96226S-M-GRIGIO
[12:53:50]:: Importate immagini di UPJ10011S-XL-GRIGIO
[12:54:14]:: Importate immagini di UPJ96226S-S-GRIGIO
[12:55:01]:: Importate immagini di UPJ10011S-XXL-GRIGIO
[12:55:42]:: Importate immagini di UPJ96226S-L-GRIGIO
[12:56:58]:: Importate immagini di UPJ96226S-M-GRIGIO
[12:57:03]:: Importate immagini di UPJ10009S
[12:58:23]:: Importate immagini di UPJ96226S-XL-GRIGIO
[12:59:38]:: Importate immagini di UPJ96226S-L-GRIGIO
[12:59:47]:: Importate immagini di UPJ96226S-S-GRIGIO
[13:00:27]:: inizio lettura CSV
[13:00:27]:: fine lettura CSV
[13:00:27]:: inizio creazione immagini
[13:00:46]:: Importate immagini di UPJ96226S-S-BLU
[13:01:56]:: Importate immagini di 92030-L-GRIGIO
[13:02:08]:: Importate immagini di UPJ96226S-XL-GRIGIO
[13:02:19]:: Importate immagini di UPJ96226S-M-GRIGIO
[13:03:14]:: Importate immagini di 92030-XL-GRIGIO
[13:04:31]:: Importate immagini di 990704S-S-NERO
[13:04:51]:: Importate immagini di UPJ96226S-S-BLU
[13:05:08]:: Importate immagini di UPJ96226S-L-GRIGIO
[13:05:46]:: Importate immagini di UPJ10011S-M-GRIGIO
[13:06:50]:: Importate immagini di UPJ10011S-L-GRIGIO
[13:07:27]:: Importate immagini di UPJ96226S-M-BLU
[13:08:02]:: Importate immagini di UPJ10011S-XL-GRIGIO
[13:08:18]:: Importate immagini di UPJ96226S-XL-GRIGIO
[13:09:16]:: Importate immagini di UPJ10011S-XXL-GRIGIO
[13:10:06]:: Importate immagini di UPJ96226S-L-BLU
[13:11:36]:: Importate immagini di UPJ96226S-S-BLU
[13:12:17]:: Importate immagini di UPJ96226S-S-BLU
[13:12:59]:: Importate immagini di UPJ96226S-XL-BLU
[13:12:59]:: fine creazione immagini

***********************************************REPORTS************************************************

------------------------------------------------------------------------------------------------------
|TYPE                                              | Import images                                     |
|STATUS                                            | SUCCESS                                           |
|START                                             | 12:35:31                                          |
|END                                               | 13:12:59                                          |
|DURATION                                          | 37.47 minuti                                      |
|MANUFACTURERS CREATED                             | 0                                                 |
|CATEGORIES CREATED                                | 0                                                 |
|ATTRIBUTE VALUES CREATED                          | 0                                                 |
|FEATURE VALUES CREATED                            | 0                                                 |
|PRODUCTS CREATED                                  | 0                                                 |
|PRODUCTS DELETED                                  | 0                                                 |
|IMAGES CREATED                                    | 67                                                |
------------------------------------------------------------------------------------------------------

***********************************************REPORTS************************************************

[13:13:55]:: Importate immagini di UPJ96226S-M-BLU
[13:14:27]:: Importate immagini di UPJ96226S-M-BLU
[13:15:40]:: inizio lettura CSV
[13:15:40]:: fine lettura CSV
[13:15:40]:: inizio creazione immagini
[13:15:47]:: Importate immagini di UPJ96226S-L-BLU
[13:16:41]:: Importate immagini di UPJ96226S-L-BLU
[13:17:12]:: Importate immagini di 92030-L-GRIGIO
[13:18:24]:: Importate immagini di UPJ96226S-XL-BLU
[13:19:00]:: Importate immagini di 92030-XL-GRIGIO
[13:19:43]:: Importate immagini di UPJ96226S-XL-BLU
[13:20:27]:: Importate immagini di 990704S-S-NERO
[13:20:48]:: Importate immagini di UPJ96226S
[13:21:51]:: Importate immagini di UPJ10011S-M-GRIGIO
[13:22:18]:: Importate immagini di CLU5761-39-MARRONE
[13:22:39]:: Importate immagini di UPJ96226S
[13:23:03]:: Importate immagini di UPJ10011S-L-GRIGIO
[13:23:58]:: Importate immagini di CLU5761-40-MARRONE
[13:24:18]:: Importate immagini di UPJ10011S-XL-GRIGIO
[13:24:26]:: Importate immagini di CLU5761-39-MARRONE
[13:25:28]:: Importate immagini di CLU5761
[13:25:37]:: Importate immagini di UPJ10011S-XXL-GRIGIO
[13:26:03]:: Importate immagini di CLU5761-40-MARRONE
[13:26:31]:: Importate immagini di CLU5762-35-MARRONE
[13:26:31]:: fine creazione immagini

***********************************************REPORTS************************************************

------------------------------------------------------------------------------------------------------
|TYPE                                              | Import images                                     |
|STATUS                                            | SUCCESS                                           |
|START                                             | 12:45:28                                          |
|END                                               | 13:26:31                                          |
|DURATION                                          | 41.05 minuti                                      |
|MANUFACTURERS CREATED                             | 0                                                 |
|CATEGORIES CREATED                                | 0                                                 |
|ATTRIBUTE VALUES CREATED                          | 0                                                 |
|FEATURE VALUES CREATED                            | 0                                                 |
|PRODUCTS CREATED                                  | 0                                                 |
|PRODUCTS DELETED                                  | 0                                                 |
|IMAGES CREATED                                    | 68                                                |
------------------------------------------------------------------------------------------------------

***********************************************REPORTS************************************************

[13:27:26]:: Importate immagini di CLU5761
[13:27:56]:: Importate immagini di UPJ96226S
[13:28:15]:: Importate immagini di CLU5762-35-MARRONE
[13:28:54]:: Importate immagini di CLU5761-39-MARRONE
[13:29:08]:: Importate immagini di CLU5762-36-MARRONE
[13:29:47]:: Importate immagini di CLU5762-37-MARRONE
[13:30:02]:: Importate immagini di CLU5761-40-MARRONE
[13:30:27]:: inizio lettura CSV
[13:30:27]:: fine lettura CSV
[13:30:27]:: inizio creazione immagini
[13:30:39]:: Importate immagini di CLU5762-38-MARRONE
[13:31:32]:: Importate immagini di CLU5761
[13:31:50]:: Importate immagini di CLU5762-39-MARRONE
[13:31:56]:: Importate immagini di 92030-L-GRIGIO
[13:32:44]:: Importate immagini di CLU5762-35-MARRONE
[13:32:58]:: Importate immagini di CLU5762-40-MARRONE
[13:32:58]:: fine creazione immagini

***********************************************REPORTS************************************************

------------------------------------------------------------------------------------------------------
|TYPE                                              | Import images                                     |
|STATUS                                            | SUCCESS                                           |
|START                                             | 13:00:27                                          |
|END                                               | 13:32:58                                          |
|DURATION                                          | 32.52 minuti                                      |
|MANUFACTURERS CREATED                             | 0                                                 |
|CATEGORIES CREATED                                | 0                                                 |
|ATTRIBUTE VALUES CREATED                          | 0                                                 |
|FEATURE VALUES CREATED                            | 0                                                 |
|PRODUCTS CREATED                                  | 0                                                 |
|PRODUCTS DELETED                                  | 0                                                 |
|IMAGES CREATED                                    | 55                                                |
------------------------------------------------------------------------------------------------------

***********************************************REPORTS************************************************

[13:33:12]:: Importate immagini di 92030-XL-GRIGIO
[13:33:30]:: Importate immagini di CLU5762-36-MARRONE
[13:34:07]:: Importate immagini di 990704S-S-NERO
[13:34:15]:: Importate immagini di CLU5762-37-MARRONE
[13:34:52]:: Importate immagini di UPJ10011S-M-GRIGIO
[13:35:02]:: Importate immagini di CLU5762-38-MARRONE
[13:35:39]:: Importate immagini di UPJ10011S-L-GRIGIO
[13:35:51]:: Importate immagini di CLU5762-39-MARRONE
[13:36:28]:: Importate immagini di UPJ10011S-XL-GRIGIO
[13:36:40]:: Importate immagini di CLU5762-40-MARRONE
[13:37:17]:: Importate immagini di UPJ10011S-XXL-GRIGIO
[13:37:25]:: Importate immagini di CLU5762-41-MARRONE
[13:38:03]:: Importate immagini di CLU5762-38-MARRONE
[13:38:12]:: Importate immagini di CLU5762
[13:38:48]:: Importate immagini di CLU5762-39-MARRONE
[13:39:04]:: Importate immagini di CLU5764-36-NERO
[13:39:38]:: Importate immagini di CLU5762-40-MARRONE
[13:39:56]:: Importate immagini di CLU5764-37-NERO
[13:39:56]:: fine creazione immagini

***********************************************REPORTS************************************************

------------------------------------------------------------------------------------------------------
|TYPE                                              | Import images                                     |
|STATUS                                            | SUCCESS                                           |
|START                                             | 13:15:38                                          |
|END                                               | 13:39:56                                          |
|DURATION                                          | 24.3 minuti                                       |
|MANUFACTURERS CREATED                             | 0                                                 |
|CATEGORIES CREATED                                | 0                                                 |
|ATTRIBUTE VALUES CREATED                          | 0                                                 |
|FEATURE VALUES CREATED                            | 0                                                 |
|PRODUCTS CREATED                                  | 0                                                 |
|PRODUCTS DELETED                                  | 0                                                 |
|IMAGES CREATED                                    | 47                                                |
------------------------------------------------------------------------------------------------------

***********************************************REPORTS************************************************

[13:40:10]:: Importate immagini di CLU5762-41-MARRONE
[13:40:29]:: Importate immagini di CLU5762
[13:40:58]:: Importate immagini di CLU5764-36-NERO
[13:41:25]:: Importate immagini di CLU5764-37-NERO
[13:41:53]:: Importate immagini di CLU5764-38-NERO
[13:42:20]:: Importate immagini di CLU5764-39-NERO
[13:42:49]:: Importate immagini di CLU5764-40-NERO
[13:43:15]:: Importate immagini di CLU5764-41-NERO
[13:43:42]:: Importate immagini di CLU5764
[13:43:46]:: Importate immagini di CLU5801-37-MARONE
[13:43:49]:: Importate immagini di CLU5801-38-MARRONE
[13:43:49]:: fine creazione immagini

***********************************************REPORTS************************************************

------------------------------------------------------------------------------------------------------
|TYPE                                              | Import images                                     |
|STATUS                                            | SUCCESS                                           |
|START                                             | 13:30:27                                          |
|END                                               | 13:43:49                                          |
|DURATION                                          | 13.37 minuti                                      |
|MANUFACTURERS CREATED                             | 0                                                 |
|CATEGORIES CREATED                                | 0                                                 |
|ATTRIBUTE VALUES CREATED                          | 0                                                 |
|FEATURE VALUES CREATED                            | 0                                                 |
|PRODUCTS CREATED                                  | 0                                                 |
|PRODUCTS DELETED                                  | 0                                                 |
|IMAGES CREATED                                    | 42                                                |
------------------------------------------------------------------------------------------------------

***********************************************REPORTS************************************************

[13:45:26]:: inizio lettura CSV
[13:45:26]:: fine lettura CSV
[13:45:26]:: inizio creazione immagini
[13:45:55]:: Importate immagini di 92030-L-GRIGIO
[13:46:27]:: Importate immagini di 92030-XL-GRIGIO
[13:46:50]:: Importate immagini di 990704S-S-NERO
[13:47:14]:: Importate immagini di UPJ10011S-M-GRIGIO
[13:47:40]:: Importate immagini di UPJ10011S-L-GRIGIO
[13:48:07]:: Importate immagini di UPJ10011S-XL-GRIGIO
[13:48:30]:: Importate immagini di UPJ10011S-XXL-GRIGIO
[13:48:35]:: Importate immagini di CLU5801-36-MARRONE
[13:48:39]:: Importate immagini di CLU5801-40-MARRONE
[13:48:43]:: Importate immagini di CLU5801-39-MARRONE
[13:48:47]:: Importate immagini di CLU5801
[13:49:34]:: Importate immagini di CLU5813
[13:49:38]:: Importate immagini di IDE3382-37-ARGENTO
[13:49:42]:: Importate immagini di IDE3382-39-BLU
[13:49:48]:: Importate immagini di IDE3382-38-BLU
[13:49:51]:: Importate immagini di IDE3382-38-MARRONE
[13:49:53]:: Importate immagini di IDE3382-38-GRIGIO
[13:49:55]:: Importate immagini di IDE3382
[13:49:58]:: Importate immagini di IDE3382NUVE
[13:50:01]:: Importate immagini di IDE3382NUVE
[13:50:12]:: Importate immagini di MSV1431-40-NERO
[13:50:12]:: fine creazione immagini

***********************************************REPORTS************************************************

------------------------------------------------------------------------------------------------------
|TYPE                                              | Import images                                     |
|STATUS                                            | SUCCESS                                           |
|START                                             | 13:45:26                                          |
|END                                               | 13:50:12                                          |
|DURATION                                          | 4.77 minuti                                       |
|MANUFACTURERS CREATED                             | 0                                                 |
|CATEGORIES CREATED                                | 0                                                 |
|ATTRIBUTE VALUES CREATED                          | 0                                                 |
|FEATURE VALUES CREATED                            | 0                                                 |
|PRODUCTS CREATED                                  | 0                                                 |
|PRODUCTS DELETED                                  | 0                                                 |
|IMAGES CREATED                                    | 50                                                |
------------------------------------------------------------------------------------------------------

***********************************************REPORTS************************************************

[14:00:26]:: inizio lettura CSV
[14:00:26]:: fine lettura CSV
[14:00:26]:: inizio creazione immagini
[14:00:55]:: Importate immagini di 92030-L-GRIGIO
[14:01:26]:: Importate immagini di 92030-XL-GRIGIO
[14:01:46]:: Importate immagini di 990704S-S-NERO
[14:02:11]:: Importate immagini di UPJ10011S-M-GRIGIO
[14:02:39]:: Importate immagini di UPJ10011S-L-GRIGIO
[14:03:04]:: Importate immagini di UPJ10011S-XL-GRIGIO
[14:03:31]:: Importate immagini di UPJ10011S-XXL-GRIGIO
[14:03:43]:: Importate immagini di MSV1431-37-NERO
[14:03:57]:: Importate immagini di MSV1431-36-NERO
[14:04:10]:: Importate immagini di MSV1431
[14:04:31]:: Importate immagini di MSV1490-41-NERO
[14:04:52]:: Importate immagini di MSV1490-36-NERO
[14:05:17]:: Importate immagini di MSV1490-37-BORDEAUX
[14:05:40]:: Importate immagini di MSV1490-39-BORDEAUX
[14:06:07]:: Importate immagini di MSV1490
[14:06:33]:: Importate immagini di MSV1493-37-GRIGIO
[14:06:58]:: Importate immagini di MSV1493-38-GRIGIO
[14:07:23]:: Importate immagini di MSV1493-36-GRIGIO
[14:07:49]:: Importate immagini di MSV1493-40-GRIGIO
[14:08:13]:: Importate immagini di MSV1493-39-GRIGIO
[14:08:40]:: Importate immagini di MSV1493
[14:08:40]:: fine creazione immagini

***********************************************REPORTS************************************************

------------------------------------------------------------------------------------------------------
|TYPE                                              | Import images                                     |
|STATUS                                            | SUCCESS                                           |
|START                                             | 14:00:26                                          |
|END                                               | 14:08:40                                          |
|DURATION                                          | 8.23 minuti                                       |
|MANUFACTURERS CREATED                             | 0                                                 |
|CATEGORIES CREATED                                | 0                                                 |
|ATTRIBUTE VALUES CREATED                          | 0                                                 |
|FEATURE VALUES CREATED                            | 0                                                 |
|PRODUCTS CREATED                                  | 0                                                 |
|PRODUCTS DELETED                                  | 0                                                 |
|IMAGES CREATED                                    | 45                                                |
------------------------------------------------------------------------------------------------------

***********************************************REPORTS************************************************

[14:15:27]:: inizio lettura CSV
[14:15:27]:: fine lettura CSV
[14:15:27]:: inizio creazione immagini
[14:15:58]:: Importate immagini di 92030-L-GRIGIO
[14:16:28]:: Importate immagini di 92030-XL-GRIGIO
[14:16:52]:: Importate immagini di 990704S-S-NERO
[14:17:14]:: Importate immagini di UPJ10011S-M-GRIGIO
[14:17:43]:: Importate immagini di UPJ10011S-L-GRIGIO
[14:18:13]:: Importate immagini di UPJ10011S-XL-GRIGIO
[14:18:47]:: Importate immagini di UPJ10011S-XXL-GRIGIO
[14:19:20]:: Importate immagini di MSV1966-37-BEIGE
[14:19:49]:: Importate immagini di MSV1966
[14:20:01]:: Importate immagini di MSV5269-40-NERO
[14:20:10]:: Importate immagini di MSV5269-41-NERO
[14:20:21]:: Importate immagini di MSV5269
[14:20:32]:: Importate immagini di OBC1920-39-GRIGIO
[14:20:41]:: Importate immagini di OBC1920-37-GRIGIO
[14:20:51]:: Importate immagini di OBC1920-40-GRIGIO
[14:21:01]:: Importate immagini di OBC1920-36-GRIGIO
[14:21:13]:: Importate immagini di OBC1920-38-GRIGIO
[14:21:23]:: Importate immagini di OBC1920-41-GRIGIO
[14:21:35]:: Importate immagini di OBC1920
[14:21:58]:: Importate immagini di PRF1094-37-NERO
[14:22:21]:: Importate immagini di PRF1094
[14:22:21]:: fine creazione immagini

***********************************************REPORTS************************************************

------------------------------------------------------------------------------------------------------
|TYPE                                              | Import images                                     |
|STATUS                                            | SUCCESS                                           |
|START                                             | 14:15:27                                          |
|END                                               | 14:22:21                                          |
|DURATION                                          | 6.9 minuti                                        |
|MANUFACTURERS CREATED                             | 0                                                 |
|CATEGORIES CREATED                                | 0                                                 |
|ATTRIBUTE VALUES CREATED                          | 0                                                 |
|FEATURE VALUES CREATED                            | 0                                                 |
|PRODUCTS CREATED                                  | 0                                                 |
|PRODUCTS DELETED                                  | 0                                                 |
|IMAGES CREATED                                    | 32                                                |
------------------------------------------------------------------------------------------------------

***********************************************REPORTS************************************************

[14:30:27]:: inizio lettura CSV
[14:30:27]:: fine lettura CSV
[14:30:27]:: inizio creazione immagini
[14:30:56]:: Importate immagini di 92030-L-GRIGIO
[14:31:28]:: Importate immagini di 92030-XL-GRIGIO
[14:31:52]:: Importate immagini di 990704S-S-NERO
[14:32:15]:: Importate immagini di UPJ10011S-M-GRIGIO
[14:32:41]:: Importate immagini di UPJ10011S-L-GRIGIO
[14:33:09]:: Importate immagini di UPJ10011S-XL-GRIGIO
[14:33:33]:: Importate immagini di UPJ10011S-XXL-GRIGIO
[14:33:55]:: Importate immagini di PRF5405-37-NERO
[14:34:19]:: Importate immagini di PRF5405
[14:34:43]:: Importate immagini di PRF5406-37-NERO
[14:35:06]:: Importate immagini di PRF5406
[14:35:13]:: Importate immagini di PRF7253-35-NERO
[14:35:18]:: Importate immagini di PRF7253-38-BLU
[14:35:24]:: Importate immagini di PRF7253
[14:35:30]:: Importate immagini di PRF7254-35-NERO
[14:35:35]:: Importate immagini di PRF7254-37-NERO
[14:35:42]:: Importate immagini di PRF7254
[14:35:48]:: Importate immagini di PRF7290-36-NERO
[14:35:54]:: Importate immagini di PRF7290-37-NERO
[14:36:01]:: Importate immagini di PRF7290-35-NERO
[14:36:07]:: Importate immagini di PRF7290
[14:36:12]:: Importate immagini di PRF7302-35-NERO
[14:36:19]:: Importate immagini di PRF7302-37-NERO
[14:36:24]:: Importate immagini di PRF7302
[14:36:40]:: Importate immagini di PRF8044-42-NERO
[14:36:53]:: Importate immagini di PRF8044
[14:36:54]:: Importate immagini di SGI6522-39-BLU
[14:36:56]:: Importate immagini di SGI6522-38-BLU
[14:36:57]:: Importate immagini di SGI6522-37-BLU
[14:36:58]:: Importate immagini di SGI6522-41-CAMMELLO
[14:37:01]:: Importate immagini di SGI6522-39-CAMMELLO
[14:37:01]:: fine creazione immagini

***********************************************REPORTS************************************************

------------------------------------------------------------------------------------------------------
|TYPE                                              | Import images                                     |
|STATUS                                            | SUCCESS                                           |
|START                                             | 14:30:27                                          |
|END                                               | 14:37:01                                          |
|DURATION                                          | 6.57 minuti                                       |
|MANUFACTURERS CREATED                             | 0                                                 |
|CATEGORIES CREATED                                | 0                                                 |
|ATTRIBUTE VALUES CREATED                          | 0                                                 |
|FEATURE VALUES CREATED                            | 0                                                 |
|PRODUCTS CREATED                                  | 0                                                 |
|PRODUCTS DELETED                                  | 0                                                 |
|IMAGES CREATED                                    | 73                                                |
------------------------------------------------------------------------------------------------------

***********************************************REPORTS************************************************

[14:45:26]:: inizio lettura CSV
[14:45:26]:: fine lettura CSV
[14:45:26]:: inizio creazione immagini
[14:45:56]:: Importate immagini di 92030-L-GRIGIO
[14:46:25]:: Importate immagini di 92030-XL-GRIGIO
[14:46:43]:: Importate immagini di 990704S-S-NERO
[14:47:08]:: Importate immagini di UPJ10011S-M-GRIGIO
[14:47:35]:: Importate immagini di UPJ10011S-L-GRIGIO
[14:48:00]:: Importate immagini di UPJ10011S-XL-GRIGIO
[14:48:28]:: Importate immagini di UPJ10011S-XXL-GRIGIO
[14:48:34]:: Importate immagini di PRF7302-37-NERO
[14:48:35]:: Importate immagini di SGI6522
[14:48:54]:: Importate immagini di SGI6524-36-ARGENTO
[14:49:12]:: Importate immagini di SGI6524-39-ARGENTO
[14:49:32]:: Importate immagini di SGI6524-40-ARGENTO
[14:49:50]:: Importate immagini di SGI6524
[14:49:52]:: Importate immagini di SGI6525-41-BEIGE
[14:49:54]:: Importate immagini di SGI6525-40-BEIGE
[14:49:54]:: Importate immagini di SGI6525-40-MARRONE
[14:49:55]:: Importate immagini di SGI6525-37-MARRONE
[14:49:55]:: Importate immagini di SGI6525
[14:50:12]:: Importate immagini di SGI670-39-NUDE
[14:50:28]:: Importate immagini di SGI670-41-NUDE
[14:50:43]:: Importate immagini di SGI670-40 NUDE
[14:51:03]:: Importate immagini di SGI670
[14:51:18]:: Importate immagini di SGI671-37-NERO
[14:51:34]:: Importate immagini di SGI671-39-NERO
[14:51:44]:: Importate immagini di SGI671-37-BIANCO
[14:51:55]:: Importate immagini di SGI671-41-BIANCO
[14:52:12]:: Importate immagini di SGI671-38-NERO
[14:52:33]:: Importate immagini di SGI671
[14:52:51]:: Importate immagini di SGI8530-39-ARGENTO
[14:53:07]:: Importate immagini di SGI8530-36-ARGENTO
[14:53:25]:: Importate immagini di SGI8530-37-ARGENTO
[14:53:25]:: fine creazione immagini

***********************************************REPORTS************************************************

------------------------------------------------------------------------------------------------------
|TYPE                                              | Import images                                     |
|STATUS                                            | SUCCESS                                           |
|START                                             | 14:45:26                                          |
|END                                               | 14:53:25                                          |
|DURATION                                          | 7.98 minuti                                       |
|MANUFACTURERS CREATED                             | 0                                                 |
|CATEGORIES CREATED                                | 0                                                 |
|ATTRIBUTE VALUES CREATED                          | 0                                                 |
|FEATURE VALUES CREATED                            | 0                                                 |
|PRODUCTS CREATED                                  | 0                                                 |
|PRODUCTS DELETED                                  | 0                                                 |
|IMAGES CREATED                                    | 62                                                |
------------------------------------------------------------------------------------------------------

***********************************************REPORTS************************************************

[15:00:26]:: inizio lettura CSV
[15:00:26]:: fine lettura CSV
[15:00:26]:: inizio creazione immagini
[15:01:01]:: Importate immagini di 92030-L-GRIGIO
[15:01:33]:: Importate immagini di 92030-XL-GRIGIO
[15:01:56]:: Importate immagini di 990704S-S-NERO
[15:02:22]:: Importate immagini di UPJ10011S-M-GRIGIO
[15:02:49]:: Importate immagini di UPJ10011S-L-GRIGIO
[15:03:15]:: Importate immagini di UPJ10011S-XL-GRIGIO
[15:03:43]:: Importate immagini di UPJ10011S-XXL-GRIGIO
[15:03:48]:: Importate immagini di PRF7302-37-NERO
[15:04:07]:: Importate immagini di SGI8530-40-ARGENTO
[15:04:25]:: Importate immagini di SGI8530
[15:04:26]:: Importate immagini di SGI8950-37-NUDE
[15:04:27]:: Importate immagini di SGI8950-39-NUDE
[15:04:28]:: Importate immagini di SGI8950-40-NUDE
[15:04:31]:: Importate immagini di SGI8950
[15:04:32]:: Importate immagini di SGI8951-40-NUDE
[15:04:33]:: Importate immagini di SGI8951-41-NUDE
[15:04:34]:: Importate immagini di SGI8951-39-NUDE
[15:04:36]:: Importate immagini di SGI8951
[15:04:55]:: Importate immagini di UBK71016B-M-NAVY-WHITE
[15:05:14]:: Importate immagini di UBK71016B-L-NAVY-WHITE
[15:05:33]:: Importate immagini di UBK71016B-XL-NAVY-WHITE
[15:05:51]:: Importate immagini di UBK71016B-XXL-NAVY-WHITE
[15:06:12]:: Importate immagini di UBK71016B
[15:06:34]:: Importate immagini di UBK71022-M-NAVY-YELLOW
[15:06:53]:: Importate immagini di UBK71022-L-NAVY-YELLOW
[15:07:14]:: Importate immagini di UBK71022-XL-NAVY-YELLOW
[15:07:35]:: Importate immagini di UBK71022-XXL-NAVY-YELLOW
[15:07:56]:: Importate immagini di UBK71022
[15:08:35]:: Importate immagini di UBIK71022-M-NERO
[15:09:16]:: Importate immagini di UBIK71022-L-NERO
[15:09:57]:: Importate immagini di UBIK71022-XL-NERO
[15:09:57]:: fine creazione immagini

***********************************************REPORTS************************************************

------------------------------------------------------------------------------------------------------
|TYPE                                              | Import images                                     |
|STATUS                                            | SUCCESS                                           |
|START                                             | 15:00:26                                          |
|END                                               | 15:09:57                                          |
|DURATION                                          | 9.52 minuti                                       |
|MANUFACTURERS CREATED                             | 0                                                 |
|CATEGORIES CREATED                                | 0                                                 |
|ATTRIBUTE VALUES CREATED                          | 0                                                 |
|FEATURE VALUES CREATED                            | 0                                                 |
|PRODUCTS CREATED                                  | 0                                                 |
|PRODUCTS DELETED                                  | 0                                                 |
|IMAGES CREATED                                    | 55                                                |
------------------------------------------------------------------------------------------------------

***********************************************REPORTS************************************************

[15:58:19]:: inizio lettura CSV
[15:58:19]:: fine lettura CSV
[15:58:19]:: inizio creazione immagini
[15:58:58]:: Importate immagini di UBIK71022-XXL-NERO
[15:59:37]:: Importate immagini di UBIK71022
[15:59:56]:: Importate immagini di UBK71016-M- MILITARY
[16:00:17]:: Importate immagini di UBK71016-L- MILITARY
[16:00:27]:: inizio lettura CSV
[16:00:27]:: fine lettura CSV
[16:00:27]:: inizio creazione immagini
[16:00:57]:: Importate immagini di UBK71016-XL- MILITARY
[16:01:09]:: Importate immagini di UBK71016-XL- MILITARY
[16:01:48]:: Importate immagini di UBK71016-XXL- MILITARY
[16:02:01]:: Importate immagini di UBK71016-XXL- MILITARY
[16:02:36]:: Importate immagini di UBK71016-M-HORIZON BLUE
[16:02:48]:: Importate immagini di UBK71016-M-HORIZON BLUE
[16:03:24]:: Importate immagini di UBK71016-L-HORIZON BLUE
[16:03:36]:: Importate immagini di UBK71016-L-HORIZON BLUE
[16:04:13]:: Importate immagini di UBK71016-XL-HORIZON BLUE
[16:04:25]:: Importate immagini di UBK71016-XL-HORIZON BLUE
[16:05:02]:: Importate immagini di UBK71016-XXL-HORIZON BLUE
[16:05:14]:: Importate immagini di UBK71016-XXL-HORIZON BLUE
[16:05:47]:: Importate immagini di UBK71016-M-NAVY-RED
[16:05:58]:: Importate immagini di UBK71016-M-NAVY-RED
[16:06:33]:: Importate immagini di UBK71016-L-NAVY-RED
[16:06:43]:: Importate immagini di UBK71016-L-NAVY-RED
[16:07:19]:: Importate immagini di UBK71016-XL-NAVY-RED
[16:07:30]:: Importate immagini di UBK71016-XL-NAVY-RED
[16:08:07]:: Importate immagini di UBK71016-XXL-NAVY-RED
[16:08:19]:: Importate immagini di UBK71016-XXL-NAVY-RED
[16:08:54]:: Importate immagini di UBK71016
[16:09:07]:: Importate immagini di UBK71016
[16:12:39]:: Importate immagini di UIB05026G3-M-THREE PACK
[16:12:59]:: Importate immagini di UIB05026G3-M-THREE PACK
[16:15:27]:: inizio lettura CSV
[16:15:28]:: fine lettura CSV
[16:15:28]:: inizio creazione immagini
[16:17:02]:: Importate immagini di UIB05026G3-L-THREE PACK
[16:17:33]:: Importate immagini di UIB05026G3-L-THREE PACK
[16:20:55]:: Importate immagini di UIB05026G3-L-THREE PACK
[16:22:53]:: Importate immagini di UIB05026G3-XL-THREE PACK
[16:23:09]:: Importate immagini di UIB05026G3-XL-THREE PACK
[16:26:01]:: Importate immagini di UIB05026G3-XL-THREE PACK
[16:28:10]:: Importate immagini di UIB05026G3
[16:28:48]:: Importate immagini di UIB05026G3
[16:30:31]:: inizio lettura CSV
[16:30:32]:: fine lettura CSV
[16:30:32]:: inizio creazione immagini
[16:30:54]:: Importate immagini di UIB05026G3
[16:34:10]:: Importate immagini di UIB05029G3-M-THREE PACK
[16:35:24]:: Importate immagini di UIB05029G3-M-THREE PACK
[16:36:00]:: Importate immagini di UIB05029G3-M-THREE PACK
[16:38:51]:: Importate immagini di UIB05029G3-L-THREE PACK
[16:40:18]:: Importate immagini di UIB05029G3-L-THREE PACK
[16:40:45]:: Importate immagini di UIB05029G3-L-THREE PACK
[16:43:46]:: Importate immagini di UIB05029G3-XL-THREE PACK
[16:45:14]:: Importate immagini di UIB05029G3-XL-THREE PACK
[16:45:27]:: inizio lettura CSV
[16:45:27]:: fine lettura CSV
[16:45:27]:: inizio creazione immagini
[16:45:47]:: Importate immagini di UIB05029G3-XL-THREE PACK
[16:47:42]:: Importate immagini di UIB05029G3
[16:48:20]:: Importate immagini di UIB05029G3
[17:00:27]:: inizio lettura CSV
[17:00:27]:: fine lettura CSV
[17:00:27]:: inizio creazione immagini
[17:15:26]:: inizio lettura CSV
[17:15:26]:: fine lettura CSV
[17:15:26]:: inizio creazione immagini
[17:30:26]:: inizio lettura CSV
[17:30:26]:: fine lettura CSV
[17:30:26]:: inizio creazione immagini
[17:45:26]:: inizio lettura CSV
[17:45:27]:: fine lettura CSV
[17:45:27]:: inizio creazione immagini
[18:00:27]:: inizio lettura CSV
[18:00:27]:: fine lettura CSV
[18:00:27]:: inizio creazione immagini
[18:10:23]:: inizio lettura CSV
[18:10:23]:: fine lettura CSV
[18:10:23]:: inizio creazione immagini
[18:15:26]:: inizio lettura CSV
[18:15:26]:: fine lettura CSV
[18:15:26]:: inizio creazione immagini
[20:30:27]:: inizio lettura CSV
[20:30:27]:: fine lettura CSV
[20:30:27]:: inizio creazione immagini
[20:31:20]:: inizio lettura CSV
[20:31:20]:: fine lettura CSV
[20:31:20]:: inizio creazione prodotti
[20:32:03]:: inizio lettura CSV
[20:32:03]:: fine lettura CSV
[20:32:03]:: inizio creazione prodotti
[20:33:01]:: inizio lettura CSV
[20:33:01]:: fine lettura CSV
[20:33:01]:: inizio creazione prodotti
[20:33:47]:: inizio lettura CSV
[20:33:47]:: fine lettura CSV
[20:33:47]:: inizio creazione prodotti
[20:34:37]:: inizio lettura CSV
[20:34:37]:: fine lettura CSV
[20:34:37]:: inizio creazione prodotti
[20:35:03]:: fine creazione prodotti

***********************************************REPORTS************************************************

------------------------------------------------------------------------------------------------------
|TYPE                                              | Update quantities and prices                      |
|STATUS                                            | SUCCESS                                           |
|START                                             | 20:34:37                                          |
|END                                               | 20:35:03                                          |
|DURATION                                          | 0.43 minuti                                       |
|MANUFACTURERS CREATED                             | 0                                                 |
|CATEGORIES CREATED                                | 0                                                 |
|ATTRIBUTE VALUES CREATED                          | 0                                                 |
|FEATURE VALUES CREATED                            | 0                                                 |
|PRODUCTS CREATED                                  | 0                                                 |
|PRODUCTS DELETED                                  | 0                                                 |
|IMAGES CREATED                                    | 0                                                 |
------------------------------------------------------------------------------------------------------

***********************************************REPORTS************************************************

[20:45:27]:: inizio lettura CSV
[20:45:27]:: fine lettura CSV
[20:45:27]:: inizio creazione immagini
[20:49:43]:: inizio lettura CSV
[20:49:43]:: fine lettura CSV
[20:49:43]:: inizio creazione immagini
[21:00:26]:: inizio lettura CSV
[21:00:26]:: fine lettura CSV
[21:00:26]:: inizio creazione immagini
[21:15:26]:: inizio lettura CSV
[21:15:26]:: fine lettura CSV
[21:15:26]:: inizio creazione immagini
[21:30:26]:: inizio lettura CSV
[21:30:26]:: fine lettura CSV
[21:30:26]:: inizio creazione immagini
[21:45:27]:: inizio lettura CSV
[21:45:27]:: fine lettura CSV
[21:45:27]:: inizio creazione immagini
[22:00:26]:: inizio lettura CSV
[22:00:26]:: fine lettura CSV
[22:00:26]:: inizio creazione immagini
[22:15:27]:: inizio lettura CSV
[22:15:27]:: fine lettura CSV
[22:15:27]:: inizio creazione immagini
[22:30:26]:: inizio lettura CSV
[22:30:26]:: fine lettura CSV
[22:30:26]:: inizio creazione immagini
[22:45:26]:: inizio lettura CSV
[22:45:27]:: fine lettura CSV
[22:45:27]:: inizio creazione immagini
[23:00:27]:: inizio lettura CSV
[23:00:27]:: fine lettura CSV
[23:00:27]:: inizio creazione immagini
[23:15:26]:: inizio lettura CSV
[23:15:26]:: fine lettura CSV
[23:15:26]:: inizio creazione immagini
[23:30:27]:: inizio lettura CSV
[23:30:27]:: fine lettura CSV
[23:30:27]:: inizio creazione immagini
[23:45:01]:: inizio lettura CSV
[23:45:01]:: fine lettura CSV
[23:45:01]:: inizio creazione immagini
